\BOOKMARK [0][-]{section*.1}{Abstract}{}% 1
\BOOKMARK [0][-]{Contents.0}{Contents}{}% 2
\BOOKMARK [0][-]{chapter.4}{1\040Introduction}{}% 3
\BOOKMARK [1][-]{section.5}{1.1\040Introduction}{chapter.4}% 4
\BOOKMARK [0][-]{chapter.6}{2\040High-performance\040computing\040in\040healthcare:\040An\040automatic\040literature\040analysis\040perspective}{}% 5
\BOOKMARK [1][-]{section.7}{2.1\040Introduction}{chapter.6}% 6
\BOOKMARK [1][-]{section.10}{2.2\040Materials\040and\040methods}{chapter.6}% 7
\BOOKMARK [1][-]{section.20}{2.3\040Results}{chapter.6}% 8
\BOOKMARK [1][-]{section.32}{2.4\040Identifying\040future\040opportunities\040through\040analysis\040of\040past\040and\040present\040HPC\040adoption\040in\040healthcare}{chapter.6}% 9
\BOOKMARK [1][-]{section.33}{2.5\040Discussion}{chapter.6}% 10
\BOOKMARK [0][-]{chapter.34}{3\040Improving\040the\040Speed\040and\040Quality\040of\040Cancer\040Segmentation\040Using\040Lower\040Resolution\040Pathology\040Images}{}% 11
\BOOKMARK [1][-]{section.35}{3.1\040Introduction}{chapter.34}% 12
\BOOKMARK [1][-]{section.36}{3.2\040Dataset\040and\040evaluation\040metrics}{chapter.34}% 13
\BOOKMARK [1][-]{section.40}{3.3\040Method}{chapter.34}% 14
\BOOKMARK [1][-]{section.51}{3.4\040Results}{chapter.34}% 15
\BOOKMARK [1][-]{section.66}{3.5\040Conclusion}{chapter.34}% 16
\BOOKMARK [0][-]{chapter.67}{4\040An\040early\040health\040technology\040assessment\040in\040the\040Netherlands}{}% 17
\BOOKMARK [1][-]{section.68}{4.1\040Highlights}{chapter.67}% 18
\BOOKMARK [1][-]{section.72}{4.2\040Introduction}{chapter.67}% 19
\BOOKMARK [1][-]{section.73}{4.3\040Methods}{chapter.67}% 20
\BOOKMARK [1][-]{section.90}{4.4\040Results}{chapter.67}% 21
\BOOKMARK [1][-]{section.98}{4.5\040Discussion}{chapter.67}% 22
\BOOKMARK [0][-]{chapter.99}{5\040HPC\040in\040Healthcare:\040Business\040Model\040Transformations}{}% 23
\BOOKMARK [1][-]{section.100}{5.1\040Introduction}{chapter.99}% 24
\BOOKMARK [1][-]{section.103}{5.2\040Theoretical\040Background}{chapter.99}% 25
\BOOKMARK [1][-]{section.106}{5.3\040Materials\040and\040methods}{chapter.99}% 26
\BOOKMARK [1][-]{section.123}{5.4\040Results}{chapter.99}% 27
\BOOKMARK [1][-]{section.140}{5.5\040Learning\040from\040the\040impact\040of\040HPC\040on\040business\040models\040in\040healthcare\040and\040identifying\040future\040opportunities}{chapter.99}% 28
\BOOKMARK [1][-]{section.141}{5.6\040Discussion}{chapter.99}% 29
\BOOKMARK [0][-]{chapter*.142}{Bibliography}{}% 30
\BOOKMARK [0][-]{Bibliography.0}{Bibliography}{}% 31
\BOOKMARK [0][-]{chapter*.142}{Acknowledgements}{}% 32
